[www.jw.works/index.html]
[backblue.gif]
[fade.gif]
[index.html]
[www.jw.works/fun.html]
[www.jw.works/about.html]
[www.jw.works/index.html]
[www.jw.works/fun.html]
[www.jw.works/about.html]
[www.jw.works/works/lex-core-product]
[www.jw.works/works/lex-design-system]
[www.jw.works/works/nyu-open-course]
[www.jw.works/works/synastry-candle-co]
[www.jw.works/works/lark-suite]
[www.jw.works/works/lex-app-icons]
[www.jw.works/works/lex-website]
[www.jw.works/works/flutter-clock-ui]
[www.jw.works/works/88-shanghai]
[www.jw.works/fun/turs.html]
[www.jw.works/fun/this-is-still-me]
[www.jw.works/fun/kitchen]
[www.jw.works/fun/western-desert]
